<?xml version="1.0" encoding="UTF-8"?>
<testsuite name="baseline.WordCounterTest" tests="2" skipped="0" failures="0" errors="0" timestamp="2021-11-25T07:32:08" hostname="TABLET-H64PVHM8" time="0.028">
  <properties/>
  <testcase name="sortData()" classname="baseline.WordCounterTest" time="0.025"/>
  <testcase name="fileReader()" classname="baseline.WordCounterTest" time="0.002"/>
  <system-out><![CDATA[badger: *******
mushroom: **
snake: *]]></system-out>
  <system-err><![CDATA[]]></system-err>
</testsuite>
